<?xml version="1.0" encoding="UTF-8"?>
<!-- Generated by org.testng.reporters.JUnitReportReporter -->
<testsuite hostname="CSMBHUL815" failures="0" tests="19" name="com.Khanij.WeighbridgeRegistration.Length" time="180.863" errors="0" timestamp="2022-12-29T15:52:54 IST" skipped="0">
  <testcase classname="com.Khanij.WeighbridgeRegistration.Length" name="loginPageOpen" time="133.183"/>
  <system-out/>
  <testcase classname="com.Khanij.WeighbridgeRegistration.Length" name="WBNameTextFieldLengthCheck" time="2.749"/>
  <system-out/>
  <testcase classname="com.Khanij.WeighbridgeRegistration.Length" name="SPNameLengthCheck" time="2.702"/>
  <system-out/>
  <testcase classname="com.Khanij.WeighbridgeRegistration.Length" name="SPCNOTextFieldLengthCheck" time="2.698"/>
  <system-out/>
  <testcase classname="com.Khanij.WeighbridgeRegistration.Length" name="CapacityNameTextFieldLengthCheck" time="2.682"/>
  <system-out/>
  <testcase classname="com.Khanij.WeighbridgeRegistration.Length" name="AreaOfLandTextFieldLengthCheck" time="1.995"/>
  <system-out/>
  <testcase classname="com.Khanij.WeighbridgeRegistration.Length" name="WBModelBaudRateTextFieldLengthCheck" time="2.711"/>
  <system-out/>
  <testcase classname="com.Khanij.WeighbridgeRegistration.Length" name="WBDataBitTextFieldLengthCheck" time="2.694"/>
  <system-out/>
  <testcase classname="com.Khanij.WeighbridgeRegistration.Length" name="WBStopBitTextFieldLengthCheck" time="2.673"/>
  <system-out/>
  <testcase classname="com.Khanij.WeighbridgeRegistration.Length" name="WBParityTextFieldLengthCheck" time="2.720"/>
  <system-out/>
  <testcase classname="com.Khanij.WeighbridgeRegistration.Length" name="WBStringReadFromHyperterminalTextFieldLengthCheck" time="2.691"/>
  <system-out/>
  <testcase classname="com.Khanij.WeighbridgeRegistration.Length" name="WBPoint1LatitudeTextFieldLengthCheck" time="2.706"/>
  <system-out/>
  <testcase classname="com.Khanij.WeighbridgeRegistration.Length" name="WBPoint1LongitudeTextFieldLengthCheck" time="2.645"/>
  <system-out/>
  <testcase classname="com.Khanij.WeighbridgeRegistration.Length" name="WBPoint2LatitudeTextFieldLengthCheck" time="2.657"/>
  <system-out/>
  <testcase classname="com.Khanij.WeighbridgeRegistration.Length" name="WBPoint2LongitudeTextFieldLengthCheck" time="2.657"/>
  <system-out/>
  <testcase classname="com.Khanij.WeighbridgeRegistration.Length" name="WBPoint3LatitudeTextFieldLengthCheck" time="2.670"/>
  <system-out/>
  <testcase classname="com.Khanij.WeighbridgeRegistration.Length" name="WBPoint3LongitudeTextFieldLengthCheck" time="2.687"/>
  <system-out/>
  <testcase classname="com.Khanij.WeighbridgeRegistration.Length" name="WBPoint4LatitudeTextFieldLengthCheck" time="2.685"/>
  <system-out/>
  <testcase classname="com.Khanij.WeighbridgeRegistration.Length" name="WBPoint4LongitudeTextFieldLengthCheck" time="2.658"/>
  <system-out/>
</testsuite> <!-- com.Khanij.WeighbridgeRegistration.Length -->
