<?xml version="1.0" encoding="UTF-8"?>
<!-- Generated by org.testng.reporters.JUnitReportReporter -->
<testsuite hostname="CSMBHUL815" failures="0" tests="19" name="com.Khanij.WeighbridgeRegistration.SpecialChar" time="73.330" errors="0" timestamp="2022-12-29T15:52:54 IST" skipped="0">
  <testcase classname="com.Khanij.WeighbridgeRegistration.SpecialChar" name="loginPageOpen" time="28.371"/>
  <system-out/>
  <testcase classname="com.Khanij.WeighbridgeRegistration.SpecialChar" name="WBNameTextFieldSpecialCharCheck" time="2.402"/>
  <system-out/>
  <testcase classname="com.Khanij.WeighbridgeRegistration.SpecialChar" name="SPNameTextFieldSpecialCharCheck" time="2.469"/>
  <system-out/>
  <testcase classname="com.Khanij.WeighbridgeRegistration.SpecialChar" name="SPCNameTextFieldSpecialCharCheck" time="2.488"/>
  <system-out/>
  <testcase classname="com.Khanij.WeighbridgeRegistration.SpecialChar" name="CapacityNameTextFieldSpecialCharCheck" time="2.468"/>
  <system-out/>
  <testcase classname="com.Khanij.WeighbridgeRegistration.SpecialChar" name="AreaOfLandTextFieldSpecialCharCheck" time="2.463"/>
  <system-out/>
  <testcase classname="com.Khanij.WeighbridgeRegistration.SpecialChar" name="WBModelBaudRateTextFieldSpecialCharCheck" time="2.453"/>
  <system-out/>
  <testcase classname="com.Khanij.WeighbridgeRegistration.SpecialChar" name="WBDataBitTextFieldSpecialCharCheck" time="2.456"/>
  <system-out/>
  <testcase classname="com.Khanij.WeighbridgeRegistration.SpecialChar" name="WBStopBitTextFieldSpecialCharCheck" time="2.503"/>
  <system-out/>
  <testcase classname="com.Khanij.WeighbridgeRegistration.SpecialChar" name="WBParityTextFieldSpecialCharCheck" time="2.478"/>
  <system-out/>
  <testcase classname="com.Khanij.WeighbridgeRegistration.SpecialChar" name="WBStringReadFromHyperterminalTextFieldSpecialCharCheck" time="2.493"/>
  <system-out/>
  <testcase classname="com.Khanij.WeighbridgeRegistration.SpecialChar" name="WBPoint1LatitudeTextFieldSpecialCharCheck" time="2.489"/>
  <system-out/>
  <testcase classname="com.Khanij.WeighbridgeRegistration.SpecialChar" name="WBPoint1LongitudeTextFieldSpecialCharCheck" time="2.496"/>
  <system-out/>
  <testcase classname="com.Khanij.WeighbridgeRegistration.SpecialChar" name="WBPoint2LatitudeTextFieldSpecialCharCheck" time="2.488"/>
  <system-out/>
  <testcase classname="com.Khanij.WeighbridgeRegistration.SpecialChar" name="WBPoint2LongitudeTextFieldSpecialCharCheck" time="2.491"/>
  <system-out/>
  <testcase classname="com.Khanij.WeighbridgeRegistration.SpecialChar" name="WBPoint3LatitudeTextFieldSpecialCharCheck" time="2.473"/>
  <system-out/>
  <testcase classname="com.Khanij.WeighbridgeRegistration.SpecialChar" name="WBPoint3LongitudeTextFieldSpecialCharCheck" time="2.463"/>
  <system-out/>
  <testcase classname="com.Khanij.WeighbridgeRegistration.SpecialChar" name="WBPoint4LatitudeTextFieldSpecialCharCheck" time="2.466"/>
  <system-out/>
  <testcase classname="com.Khanij.WeighbridgeRegistration.SpecialChar" name="WBPoint4LongitudeTextFieldSpecialCharCheck" time="2.920"/>
  <system-out/>
</testsuite> <!-- com.Khanij.WeighbridgeRegistration.SpecialChar -->
