<?xml version="1.0" encoding="UTF-8"?>
<!-- Generated by org.testng.reporters.JUnitReportReporter -->
<testsuite hostname="CSMBHUD298" failures="0" tests="1" name="com.Khanij.EnduserRegistration.Alphanumeric" time="15.408" errors="0" timestamp="2022-07-07T12:11:54 IST" skipped="0">
  <testcase classname="com.Khanij.EnduserRegistration.Alphanumeric" name="loginPageOpen" time="15.408"/>
  <system-out/>
</testsuite> <!-- com.Khanij.EnduserRegistration.Alphanumeric -->
