<?xml version="1.0" encoding="UTF-8"?>
<!-- Generated by org.testng.reporters.JUnitReportReporter -->
<testsuite hostname="CSMBHUL815" failures="0" tests="19" name="com.Khanij.WeighbridgeRegistration.WhiteSpace" time="130.335" errors="0" timestamp="2022-12-29T15:52:54 IST" skipped="0">
  <testcase classname="com.Khanij.WeighbridgeRegistration.WhiteSpace" name="loginPageOpen" time="31.261"/>
  <system-out/>
  <testcase classname="com.Khanij.WeighbridgeRegistration.WhiteSpace" name="WBNameTextFieldWhitespaceCheck" time="5.263"/>
  <system-out/>
  <testcase classname="com.Khanij.WeighbridgeRegistration.WhiteSpace" name="SPNameTextFieldWhitespaceCheck" time="5.428"/>
  <system-out/>
  <testcase classname="com.Khanij.WeighbridgeRegistration.WhiteSpace" name="SPCNameTextFieldWhitespaceCheck" time="5.313"/>
  <system-out/>
  <testcase classname="com.Khanij.WeighbridgeRegistration.WhiteSpace" name="CapacityNameTextFieldWhitespaceCheck" time="5.287"/>
  <system-out/>
  <testcase classname="com.Khanij.WeighbridgeRegistration.WhiteSpace" name="AreaOfLandTextFieldWhitespaceCheck" time="5.357"/>
  <system-out/>
  <testcase classname="com.Khanij.WeighbridgeRegistration.WhiteSpace" name="WBModelBaudRateTextFieldWhitespaceCheck" time="5.355"/>
  <system-out/>
  <testcase classname="com.Khanij.WeighbridgeRegistration.WhiteSpace" name="WBDataBitTextFieldWhitespaceCheck" time="5.370"/>
  <system-out/>
  <testcase classname="com.Khanij.WeighbridgeRegistration.WhiteSpace" name="WBStopBitTextFieldWhitespaceCheck" time="5.924"/>
  <system-out/>
  <testcase classname="com.Khanij.WeighbridgeRegistration.WhiteSpace" name="WBParityTextFieldWhitespaceCheck" time="5.595"/>
  <system-out/>
  <testcase classname="com.Khanij.WeighbridgeRegistration.WhiteSpace" name="WBStringReadFromHyperterminalTextFieldWhitespaceCheck" time="5.676"/>
  <system-out/>
  <testcase classname="com.Khanij.WeighbridgeRegistration.WhiteSpace" name="WBPoint1LatitudeTextFieldWhitespaceCheck" time="5.494"/>
  <system-out/>
  <testcase classname="com.Khanij.WeighbridgeRegistration.WhiteSpace" name="WBPoint1LongitudeTextFieldWhitespaceCheck" time="6.015"/>
  <system-out/>
  <testcase classname="com.Khanij.WeighbridgeRegistration.WhiteSpace" name="WBPoint2LatitudeTextFieldWhitespaceCheck" time="5.432"/>
  <system-out/>
  <testcase classname="com.Khanij.WeighbridgeRegistration.WhiteSpace" name="WBPoint2LongitudeTextFieldWhitespaceCheck" time="5.469"/>
  <system-out/>
  <testcase classname="com.Khanij.WeighbridgeRegistration.WhiteSpace" name="WBPoint3LatitudeTextFieldWhitespaceCheck" time="5.327"/>
  <system-out/>
  <testcase classname="com.Khanij.WeighbridgeRegistration.WhiteSpace" name="WBPoint3LongitudeTextFieldWhitespaceCheck" time="5.387"/>
  <system-out/>
  <testcase classname="com.Khanij.WeighbridgeRegistration.WhiteSpace" name="WBPoint4LatitudeTextFieldWhitespaceCheck" time="5.415"/>
  <system-out/>
  <testcase classname="com.Khanij.WeighbridgeRegistration.WhiteSpace" name="WBPoint4LongitudeTextFieldWhitespaceCheck" time="5.967"/>
  <system-out/>
</testsuite> <!-- com.Khanij.WeighbridgeRegistration.WhiteSpace -->
