<?xml version="1.0" encoding="UTF-8"?>
<!-- Generated by org.testng.reporters.JUnitReportReporter -->
<testsuite hostname="CSMBHUL815" failures="0" tests="19" name="com.Khanij.WeighbridgeRegistration.SqlChar" time="74.823" errors="0" timestamp="2022-12-29T15:52:54 IST" skipped="0">
  <testcase classname="com.Khanij.WeighbridgeRegistration.SqlChar" name="loginPageOpen" time="29.654"/>
  <system-out/>
  <testcase classname="com.Khanij.WeighbridgeRegistration.SqlChar" name="WBNameTextFieldSpecialCharCheck" time="2.412"/>
  <system-out/>
  <testcase classname="com.Khanij.WeighbridgeRegistration.SqlChar" name="SPNameTextFieldSpecialCharCheck" time="2.462"/>
  <system-out/>
  <testcase classname="com.Khanij.WeighbridgeRegistration.SqlChar" name="SPCNameTextFieldSpecialCharCheck" time="2.465"/>
  <system-out/>
  <testcase classname="com.Khanij.WeighbridgeRegistration.SqlChar" name="CapacityNameTextFieldSpecialCharCheck" time="2.512"/>
  <system-out/>
  <testcase classname="com.Khanij.WeighbridgeRegistration.SqlChar" name="AreaOfLandTextFieldSpecialCharCheck" time="2.550"/>
  <system-out/>
  <testcase classname="com.Khanij.WeighbridgeRegistration.SqlChar" name="WBModelBaudRateTextFieldSpecialCharCheck" time="2.532"/>
  <system-out/>
  <testcase classname="com.Khanij.WeighbridgeRegistration.SqlChar" name="WBDataBitTextFieldSpecialCharCheck" time="2.509"/>
  <system-out/>
  <testcase classname="com.Khanij.WeighbridgeRegistration.SqlChar" name="WBStopBitTextFieldSpecialCharCheck" time="2.524"/>
  <system-out/>
  <testcase classname="com.Khanij.WeighbridgeRegistration.SqlChar" name="WBParityTextFieldSpecialCharCheck" time="2.513"/>
  <system-out/>
  <testcase classname="com.Khanij.WeighbridgeRegistration.SqlChar" name="WBStringReadFromHyperterminalTextFieldSpecialCharCheck" time="2.538"/>
  <system-out/>
  <testcase classname="com.Khanij.WeighbridgeRegistration.SqlChar" name="WBPoint1LatitudeTextFieldSpecialCharCheck" time="2.512"/>
  <system-out/>
  <testcase classname="com.Khanij.WeighbridgeRegistration.SqlChar" name="WBPoint1LongitudeTextFieldSpecialCharCheck" time="2.513"/>
  <system-out/>
  <testcase classname="com.Khanij.WeighbridgeRegistration.SqlChar" name="WBPoint2LatitudeTextFieldSpecialCharCheck" time="2.527"/>
  <system-out/>
  <testcase classname="com.Khanij.WeighbridgeRegistration.SqlChar" name="WBPoint2LongitudeTextFieldSpecialCharCheck" time="2.544"/>
  <system-out/>
  <testcase classname="com.Khanij.WeighbridgeRegistration.SqlChar" name="WBPoint3LatitudeTextFieldSpecialCharCheck" time="2.521"/>
  <system-out/>
  <testcase classname="com.Khanij.WeighbridgeRegistration.SqlChar" name="WBPoint3LongitudeTextFieldSpecialCharCheck" time="2.509"/>
  <system-out/>
  <testcase classname="com.Khanij.WeighbridgeRegistration.SqlChar" name="WBPoint4LatitudeTextFieldSpecialCharCheck" time="2.519"/>
  <system-out/>
  <testcase classname="com.Khanij.WeighbridgeRegistration.SqlChar" name="WBPoint4LongitudeTextFieldSpecialCharCheck" time="2.507"/>
  <system-out/>
</testsuite> <!-- com.Khanij.WeighbridgeRegistration.SqlChar -->
